<?xml version="1.0" ?>
<!DOCTYPE coverage SYSTEM "http://cobertura.sourceforge.net/xml/coverage-04.dtd">
<coverage lines-valid="785" lines-covered="549" line-rate="0.6993" branches-valid="466" branches-covered="239" branch-rate="0.5128" timestamp="1698893349020" complexity="0" version="0.1">
  <sources>
    <source>/src/packages/api</source>
  </sources>
  <packages>
    <package name="src" line-rate="1" branch-rate="0.5">
      <classes>
        <class name="app.module.ts" filename="src/app.module.ts" line-rate="1" branch-rate="0.5">
          <methods>
          </methods>
          <lines>
            <line number="1" hits="1" branch="false"/>
            <line number="2" hits="1" branch="false"/>
            <line number="3" hits="1" branch="false"/>
            <line number="4" hits="1" branch="false"/>
            <line number="5" hits="1" branch="false"/>
            <line number="6" hits="1" branch="false"/>
            <line number="26" hits="1" branch="false"/>
          </lines>
        </class>
      </classes>
    </package>
    <package name="src.acquire" line-rate="0.5692" branch-rate="0.2426">
      <classes>
        <class name="acquireBuild.controller.ts" filename="src/acquire/acquireBuild.controller.ts" line-rate="0.7661" branch-rate="0.5365">
          <methods>
            <method name="(anonymous_4)" hits="31" signature="()V">
              <lines>
                <line number="51" hits="31"/>
              </lines>
            </method>
            <method name="(anonymous_5)" hits="0" signature="()V">
              <lines>
                <line number="77" hits="0"/>
              </lines>
            </method>
            <method name="(anonymous_6)" hits="2" signature="()V">
              <lines>
                <line number="111" hits="2"/>
              </lines>
            </method>
            <method name="(anonymous_7)" hits="2" signature="()V">
              <lines>
                <line number="146" hits="2"/>
              </lines>
            </method>
            <method name="(anonymous_8)" hits="1" signature="()V">
              <lines>
                <line number="191" hits="1"/>
              </lines>
            </method>
            <method name="(anonymous_9)" hits="0" signature="()V">
              <lines>
                <line number="226" hits="0"/>
              </lines>
            </method>
            <method name="(anonymous_10)" hits="2" signature="()V">
              <lines>
                <line number="261" hits="2"/>
              </lines>
            </method>
            <method name="(anonymous_11)" hits="1" signature="()V">
              <lines>
                <line number="312" hits="1"/>
              </lines>
            </method>
            <method name="(anonymous_12)" hits="18" signature="()V">
              <lines>
                <line number="332" hits="18"/>
              </lines>
            </method>
            <method name="(anonymous_13)" hits="7" signature="()V">
              <lines>
                <line number="388" hits="7"/>
              </lines>
            </method>
            <method name="(anonymous_14)" hits="3" signature="()V">
              <lines>
                <line number="417" hits="3"/>
              </lines>
            </method>
            <method name="(anonymous_15)" hits="1" signature="()V">
              <lines>
                <line number="445" hits="1"/>
              </lines>
            </method>
            <method name="(anonymous_16)" hits="2" signature="()V">
              <lines>
                <line number="468" hits="2"/>
              </lines>
            </method>
            <method name="(anonymous_17)" hits="2" signature="()V">
              <lines>
                <line number="502" hits="2"/>
              </lines>
            </method>
            <method name="(anonymous_18)" hits="1" signature="()V">
              <lines>
                <line number="540" hits="1"/>
              </lines>
            </method>
            <method name="(anonymous_19)" hits="4" signature="()V">
              <lines>
                <line number="562" hits="4"/>
              </lines>
            </method>
            <method name="(anonymous_20)" hits="3" signature="()V">
              <lines>
                <line number="613" hits="3"/>
              </lines>
            </method>
            <method name="(anonymous_21)" hits="0" signature="()V">
              <lines>
                <line number="652" hits="0"/>
              </lines>
            </method>
          </methods>
          <lines>
            <line number="1" hits="2" branch="false"/>
            <line number="22" hits="2" branch="false"/>
            <line number="23" hits="2" branch="false"/>
            <line number="25" hits="2" branch="false"/>
            <line number="39" hits="2" branch="false"/>
            <line number="40" hits="2" branch="false"/>
            <line number="41" hits="2" branch="false"/>
            <line number="42" hits="2" branch="false"/>
            <line number="43" hits="2" branch="false"/>
            <line number="44" hits="2" branch="false"/>
            <line number="45" hits="2" branch="false"/>
            <line number="46" hits="2" branch="false"/>
            <line number="50" hits="2" branch="false"/>
            <line number="52" hits="31" branch="false"/>
            <line number="53" hits="31" branch="false"/>
            <line number="54" hits="31" branch="false"/>
            <line number="55" hits="31" branch="false"/>
            <line number="77" hits="2" branch="false"/>
            <line number="80" hits="0" branch="false"/>
            <line number="81" hits="0" branch="false"/>
            <line number="82" hits="0" branch="false"/>
            <line number="84" hits="0" branch="true" condition-coverage="0% (0/2)"/>
            <line number="85" hits="0" branch="false"/>
            <line number="87" hits="0" branch="false"/>
            <line number="111" hits="2" branch="false"/>
            <line number="115" hits="2" branch="false"/>
            <line number="116" hits="2" branch="false"/>
            <line number="118" hits="1" branch="true" condition-coverage="50% (1/2)"/>
            <line number="119" hits="0" branch="false"/>
            <line number="121" hits="1" branch="false"/>
            <line number="146" hits="2" branch="false"/>
            <line number="150" hits="2" branch="false"/>
            <line number="151" hits="2" branch="false"/>
            <line number="153" hits="1" branch="true" condition-coverage="50% (1/2)"/>
            <line number="154" hits="1" branch="false"/>
            <line number="156" hits="0" branch="false"/>
            <line number="191" hits="2" branch="false"/>
            <line number="196" hits="1" branch="false"/>
            <line number="197" hits="1" branch="false"/>
            <line number="199" hits="0" branch="true" condition-coverage="0% (0/2)"/>
            <line number="200" hits="0" branch="false"/>
            <line number="202" hits="0" branch="false"/>
            <line number="226" hits="2" branch="false"/>
            <line number="230" hits="0" branch="false"/>
            <line number="231" hits="0" branch="false"/>
            <line number="233" hits="0" branch="true" condition-coverage="0% (0/2)"/>
            <line number="234" hits="0" branch="false"/>
            <line number="236" hits="0" branch="false"/>
            <line number="261" hits="2" branch="false"/>
            <line number="265" hits="2" branch="false"/>
            <line number="266" hits="2" branch="false"/>
            <line number="271" hits="1" branch="true" condition-coverage="50% (1/2)"/>
            <line number="272" hits="1" branch="false"/>
            <line number="274" hits="0" branch="false"/>
            <line number="312" hits="2" branch="false"/>
            <line number="317" hits="1" branch="false"/>
            <line number="318" hits="1" branch="false"/>
            <line number="323" hits="1" branch="false"/>
            <line number="329" hits="1" branch="false"/>
            <line number="333" hits="18" branch="true" condition-coverage="100% (3/3)"/>
            <line number="336" hits="1" branch="true" condition-coverage="100% (1/1)"/>
            <line number="337" hits="1" branch="false"/>
            <line number="344" hits="1" branch="false"/>
            <line number="346" hits="0" branch="true" condition-coverage="0% (0/2)"/>
            <line number="347" hits="0" branch="false"/>
            <line number="349" hits="0" branch="false"/>
            <line number="388" hits="2" branch="false"/>
            <line number="393" hits="7" branch="false"/>
            <line number="395" hits="7" branch="false"/>
            <line number="399" hits="6" branch="false"/>
            <line number="404" hits="6" branch="true" condition-coverage="0% (0/1)"/>
            <line number="405" hits="0" branch="false"/>
            <line number="411" hits="6" branch="true" condition-coverage="100% (3/3)"/>
            <line number="412" hits="4" branch="false"/>
            <line number="417" hits="2" branch="true" condition-coverage="75% (3/4)"/>
            <line number="418" hits="3" branch="false"/>
            <line number="419" hits="3" branch="false"/>
            <line number="426" hits="2" branch="false"/>
            <line number="427" hits="2" branch="false"/>
            <line number="445" hits="2" branch="false"/>
            <line number="450" hits="1" branch="false"/>
            <line number="451" hits="1" branch="false"/>
            <line number="452" hits="1" branch="false"/>
            <line number="460" hits="1" branch="false"/>
            <line number="468" hits="2" branch="false"/>
            <line number="473" hits="2" branch="false"/>
            <line number="474" hits="2" branch="false"/>
            <line number="476" hits="2" branch="true" condition-coverage="100% (1/1)"/>
            <line number="477" hits="1" branch="false"/>
            <line number="479" hits="1" branch="false"/>
            <line number="483" hits="1" branch="false"/>
            <line number="502" hits="2" branch="false"/>
            <line number="506" hits="2" branch="false"/>
            <line number="507" hits="2" branch="false"/>
            <line number="508" hits="2" branch="true" condition-coverage="100% (1/1)"/>
            <line number="509" hits="1" branch="false"/>
            <line number="514" hits="1" branch="false"/>
            <line number="515" hits="1" branch="false"/>
            <line number="516" hits="1" branch="false"/>
            <line number="517" hits="2" branch="false"/>
            <line number="518" hits="2" branch="false"/>
            <line number="523" hits="2" branch="false"/>
            <line number="525" hits="1" branch="false"/>
            <line number="540" hits="2" branch="false"/>
            <line number="543" hits="1" branch="false"/>
            <line number="544" hits="1" branch="false"/>
            <line number="562" hits="2" branch="false"/>
            <line number="567" hits="4" branch="false"/>
            <line number="568" hits="4" branch="true" condition-coverage="100% (1/1)"/>
            <line number="569" hits="1" branch="false"/>
            <line number="574" hits="3" branch="false"/>
            <line number="578" hits="2" branch="false"/>
            <line number="613" hits="2" branch="false"/>
            <line number="619" hits="3" branch="false"/>
            <line number="620" hits="3" branch="false"/>
            <line number="627" hits="0" branch="true" condition-coverage="0% (0/2)"/>
            <line number="628" hits="0" branch="false"/>
            <line number="630" hits="0" branch="false"/>
            <line number="652" hits="2" branch="false"/>
            <line number="656" hits="0" branch="false"/>
            <line number="657" hits="0" branch="false"/>
            <line number="659" hits="0" branch="true" condition-coverage="0% (0/2)"/>
            <line number="660" hits="0" branch="false"/>
            <line number="662" hits="0" branch="false"/>
          </lines>
        </class>
        <class name="acquireBuild.module.ts" filename="src/acquire/acquireBuild.module.ts" line-rate="1" branch-rate="1">
          <methods>
          </methods>
          <lines>
            <line number="1" hits="1" branch="false"/>
            <line number="2" hits="1" branch="false"/>
            <line number="3" hits="1" branch="false"/>
            <line number="4" hits="1" branch="false"/>
            <line number="5" hits="1" branch="false"/>
            <line number="6" hits="1" branch="false"/>
            <line number="7" hits="1" branch="false"/>
            <line number="8" hits="1" branch="false"/>
            <line number="9" hits="1" branch="false"/>
            <line number="24" hits="1" branch="false"/>
          </lines>
        </class>
        <class name="acquireBuild.service.ts" filename="src/acquire/acquireBuild.service.ts" line-rate="0.37549999999999994" branch-rate="0.1618">
          <methods>
            <method name="(anonymous_3)" hits="31" signature="()V">
              <lines>
                <line number="76" hits="31"/>
              </lines>
            </method>
            <method name="(anonymous_4)" hits="2" signature="()V">
              <lines>
                <line number="84" hits="2"/>
              </lines>
            </method>
            <method name="(anonymous_5)" hits="2" signature="()V">
              <lines>
                <line number="89" hits="2"/>
              </lines>
            </method>
            <method name="(anonymous_6)" hits="0" signature="()V">
              <lines>
                <line number="95" hits="0"/>
              </lines>
            </method>
            <method name="(anonymous_7)" hits="0" signature="()V">
              <lines>
                <line number="112" hits="0"/>
              </lines>
            </method>
            <method name="(anonymous_8)" hits="0" signature="()V">
              <lines>
                <line number="129" hits="0"/>
              </lines>
            </method>
            <method name="(anonymous_9)" hits="0" signature="()V">
              <lines>
                <line number="143" hits="0"/>
              </lines>
            </method>
            <method name="(anonymous_10)" hits="0" signature="()V">
              <lines>
                <line number="144" hits="0"/>
              </lines>
            </method>
            <method name="mapAcquireBuildTypes" hits="0" signature="()V">
              <lines>
                <line number="160" hits="0"/>
              </lines>
            </method>
            <method name="(anonymous_12)" hits="2" signature="()V">
              <lines>
                <line number="174" hits="2"/>
              </lines>
            </method>
            <method name="(anonymous_13)" hits="0" signature="()V">
              <lines>
                <line number="213" hits="0"/>
              </lines>
            </method>
            <method name="(anonymous_14)" hits="0" signature="()V">
              <lines>
                <line number="223" hits="0"/>
              </lines>
            </method>
            <method name="(anonymous_15)" hits="0" signature="()V">
              <lines>
                <line number="232" hits="0"/>
              </lines>
            </method>
            <method name="(anonymous_16)" hits="0" signature="()V">
              <lines>
                <line number="234" hits="0"/>
              </lines>
            </method>
            <method name="(anonymous_17)" hits="0" signature="()V">
              <lines>
                <line number="237" hits="0"/>
              </lines>
            </method>
            <method name="(anonymous_18)" hits="1" signature="()V">
              <lines>
                <line number="244" hits="1"/>
              </lines>
            </method>
            <method name="(anonymous_19)" hits="1" signature="()V">
              <lines>
                <line number="266" hits="1"/>
              </lines>
            </method>
            <method name="(anonymous_20)" hits="0" signature="()V">
              <lines>
                <line number="360" hits="0"/>
              </lines>
            </method>
            <method name="(anonymous_21)" hits="0" signature="()V">
              <lines>
                <line number="368" hits="0"/>
              </lines>
            </method>
            <method name="(anonymous_22)" hits="0" signature="()V">
              <lines>
                <line number="390" hits="0"/>
              </lines>
            </method>
            <method name="(anonymous_23)" hits="2" signature="()V">
              <lines>
                <line number="412" hits="2"/>
              </lines>
            </method>
            <method name="(anonymous_24)" hits="1" signature="()V">
              <lines>
                <line number="447" hits="1"/>
              </lines>
            </method>
            <method name="(anonymous_25)" hits="4" signature="()V">
              <lines>
                <line number="450" hits="4"/>
              </lines>
            </method>
            <method name="(anonymous_26)" hits="4" signature="()V">
              <lines>
                <line number="458" hits="4"/>
              </lines>
            </method>
            <method name="(anonymous_27)" hits="1" signature="()V">
              <lines>
                <line number="503" hits="1"/>
              </lines>
            </method>
            <method name="(anonymous_28)" hits="1" signature="()V">
              <lines>
                <line number="557" hits="1"/>
              </lines>
            </method>
            <method name="(anonymous_29)" hits="4" signature="()V">
              <lines>
                <line number="566" hits="4"/>
              </lines>
            </method>
            <method name="(anonymous_30)" hits="0" signature="()V">
              <lines>
                <line number="594" hits="0"/>
              </lines>
            </method>
          </methods>
          <lines>
            <line number="1" hits="2" branch="false"/>
            <line number="7" hits="2" branch="false"/>
            <line number="8" hits="2" branch="false"/>
            <line number="17" hits="2" branch="false"/>
            <line number="30" hits="2" branch="false"/>
            <line number="34" hits="2" branch="false"/>
            <line number="35" hits="2" branch="false"/>
            <line number="36" hits="2" branch="false"/>
            <line number="37" hits="2" branch="false"/>
            <line number="38" hits="2" branch="false"/>
            <line number="39" hits="2" branch="false"/>
            <line number="40" hits="2" branch="false"/>
            <line number="55" hits="2" branch="false"/>
            <line number="56" hits="2" branch="false"/>
            <line number="57" hits="2" branch="false"/>
            <line number="59" hits="2" branch="false"/>
            <line number="75" hits="2" branch="false"/>
            <line number="77" hits="31" branch="false"/>
            <line number="78" hits="31" branch="false"/>
            <line number="79" hits="31" branch="false"/>
            <line number="80" hits="31" branch="false"/>
            <line number="81" hits="31" branch="false"/>
            <line number="85" hits="2" branch="false"/>
            <line number="86" hits="2" branch="true" condition-coverage="75% (6/8)"/>
            <line number="88" hits="2" branch="true" condition-coverage="75% (3/4)"/>
            <line number="89" hits="2" branch="false"/>
            <line number="92" hits="2" branch="false"/>
            <line number="96" hits="0" branch="false"/>
            <line number="101" hits="0" branch="false"/>
            <line number="103" hits="0" branch="false"/>
            <line number="109" hits="0" branch="true" condition-coverage="0% (0/1)"/>
            <line number="110" hits="0" branch="false"/>
            <line number="112" hits="0" branch="false"/>
            <line number="113" hits="0" branch="true" condition-coverage="0% (0/8)"/>
            <line number="117" hits="0" branch="false"/>
            <line number="129" hits="0" branch="true" condition-coverage="0% (0/4)"/>
            <line number="130" hits="0" branch="false"/>
            <line number="132" hits="0" branch="false"/>
            <line number="134" hits="0" branch="false"/>
            <line number="142" hits="0" branch="true" condition-coverage="0% (0/4)"/>
            <line number="143" hits="0" branch="false"/>
            <line number="145" hits="0" branch="false"/>
            <line number="156" hits="0" branch="false"/>
            <line number="158" hits="0" branch="false"/>
            <line number="161" hits="0" branch="true" condition-coverage="0% (0/4)"/>
            <line number="163" hits="0" branch="false"/>
            <line number="165" hits="0" branch="false"/>
            <line number="167" hits="0" branch="false"/>
            <line number="169" hits="0" branch="false"/>
            <line number="175" hits="2" branch="false"/>
            <line number="177" hits="2" branch="false"/>
            <line number="184" hits="2" branch="true" condition-coverage="100% (1/1)"/>
            <line number="185" hits="1" branch="false"/>
            <line number="188" hits="2" branch="false"/>
            <line number="190" hits="2" branch="true" condition-coverage="100% (1/1)"/>
            <line number="191" hits="1" branch="false"/>
            <line number="195" hits="1" branch="false"/>
            <line number="199" hits="1" branch="false"/>
            <line number="203" hits="1" branch="false"/>
            <line number="205" hits="1" branch="false"/>
            <line number="210" hits="1" branch="false"/>
            <line number="214" hits="0" branch="false"/>
            <line number="220" hits="0" branch="false"/>
            <line number="224" hits="0" branch="false"/>
            <line number="227" hits="0" branch="true" condition-coverage="0% (0/1)"/>
            <line number="228" hits="0" branch="false"/>
            <line number="233" hits="0" branch="false"/>
            <line number="234" hits="0" branch="false"/>
            <line number="238" hits="0" branch="false"/>
            <line number="241" hits="0" branch="false"/>
            <line number="248" hits="1" branch="false"/>
            <line number="249" hits="1" branch="true" condition-coverage="33.33333333333333% (1/3)"/>
            <line number="251" hits="0" branch="false"/>
            <line number="252" hits="0" branch="false"/>
            <line number="254" hits="1" branch="false"/>
            <line number="255" hits="0" branch="false"/>
            <line number="257" hits="0" branch="false"/>
            <line number="262" hits="1" branch="false"/>
            <line number="270" hits="1" branch="false"/>
            <line number="272" hits="1" branch="false"/>
            <line number="273" hits="1" branch="false"/>
            <line number="274" hits="1" branch="false"/>
            <line number="353" hits="0" branch="false"/>
            <line number="355" hits="1" branch="false"/>
            <line number="356" hits="1" branch="false"/>
            <line number="361" hits="0" branch="false"/>
            <line number="362" hits="0" branch="false"/>
            <line number="364" hits="0" branch="false"/>
            <line number="373" hits="0" branch="false"/>
            <line number="375" hits="0" branch="false"/>
            <line number="376" hits="0" branch="false"/>
            <line number="377" hits="0" branch="false"/>
            <line number="384" hits="0" branch="false"/>
            <line number="386" hits="0" branch="false"/>
            <line number="395" hits="0" branch="false"/>
            <line number="399" hits="0" branch="true" condition-coverage="0% (0/1)"/>
            <line number="400" hits="0" branch="false"/>
            <line number="403" hits="0" branch="false"/>
            <line number="407" hits="0" branch="false"/>
            <line number="416" hits="2" branch="false"/>
            <line number="437" hits="2" branch="true" condition-coverage="100% (1/1)"/>
            <line number="438" hits="1" branch="false"/>
            <line number="443" hits="1" branch="false"/>
            <line number="448" hits="1" branch="false"/>
            <line number="450" hits="1" branch="false"/>
            <line number="451" hits="4" branch="true" condition-coverage="0% (0/1)"/>
            <line number="452" hits="0" branch="false"/>
            <line number="454" hits="4" branch="false"/>
            <line number="457" hits="1" branch="false"/>
            <line number="459" hits="4" branch="false"/>
            <line number="462" hits="4" branch="true" condition-coverage="0% (0/1)"/>
            <line number="466" hits="0" branch="false"/>
            <line number="469" hits="4" branch="false"/>
            <line number="473" hits="1" branch="false"/>
            <line number="476" hits="1" branch="false"/>
            <line number="480" hits="1" branch="true" condition-coverage="0% (0/1)"/>
            <line number="481" hits="0" branch="false"/>
            <line number="484" hits="0" branch="false"/>
            <line number="490" hits="1" branch="true" condition-coverage="0% (0/1)"/>
            <line number="491" hits="0" branch="false"/>
            <line number="494" hits="0" branch="false"/>
            <line number="500" hits="1" branch="false"/>
            <line number="513" hits="1" branch="false"/>
            <line number="515" hits="1" branch="false"/>
            <line number="516" hits="9" branch="true" condition-coverage="100% (1/1)"/>
            <line number="517" hits="8" branch="false"/>
            <line number="520" hits="1" branch="false"/>
            <line number="521" hits="1" branch="true" condition-coverage="0% (0/1)"/>
            <line number="522" hits="0" branch="false"/>
            <line number="528" hits="1" branch="false"/>
            <line number="545" hits="1" branch="false"/>
            <line number="547" hits="1" branch="false"/>
            <line number="554" hits="1" branch="false"/>
            <line number="558" hits="1" branch="false"/>
            <line number="563" hits="1" branch="false"/>
            <line number="572" hits="4" branch="false"/>
            <line number="573" hits="4" branch="true" condition-coverage="0% (0/1)"/>
            <line number="574" hits="0" branch="false"/>
            <line number="575" hits="0" branch="true" condition-coverage="0% (0/4)"/>
            <line number="577" hits="4" branch="false"/>
            <line number="578" hits="4" branch="false"/>
            <line number="585" hits="4" branch="false"/>
            <line number="587" hits="0" branch="true" condition-coverage="0% (0/1)"/>
            <line number="588" hits="0" branch="false"/>
            <line number="590" hits="0" branch="false"/>
            <line number="595" hits="0" branch="false"/>
            <line number="611" hits="0" branch="false"/>
            <line number="616" hits="0" branch="true" condition-coverage="0% (0/1)"/>
            <line number="620" hits="0" branch="false"/>
            <line number="624" hits="0" branch="true" condition-coverage="0% (0/1)"/>
            <line number="628" hits="0" branch="false"/>
            <line number="630" hits="0" branch="true" condition-coverage="0% (0/1)"/>
            <line number="634" hits="0" branch="false"/>
            <line number="638" hits="0" branch="true" condition-coverage="0% (0/1)"/>
            <line number="642" hits="0" branch="false"/>
            <line number="646" hits="0" branch="true" condition-coverage="0% (0/1)"/>
            <line number="650" hits="0" branch="false"/>
            <line number="654" hits="0" branch="true" condition-coverage="0% (0/1)"/>
            <line number="658" hits="0" branch="false"/>
            <line number="663" hits="0" branch="false"/>
            <line number="664" hits="0" branch="false"/>
            <line number="685" hits="0" branch="false"/>
            <line number="686" hits="0" branch="false"/>
            <line number="693" hits="0" branch="false"/>
            <line number="694" hits="0" branch="false"/>
            <line number="734" hits="0" branch="false"/>
            <line number="736" hits="0" branch="false"/>
            <line number="743" hits="0" branch="false"/>
            <line number="745" hits="0" branch="false"/>
            <line number="746" hits="0" branch="false"/>
            <line number="754" hits="0" branch="false"/>
            <line number="757" hits="0" branch="false"/>
            <line number="764" hits="0" branch="false"/>
            <line number="766" hits="0" branch="false"/>
            <line number="773" hits="0" branch="false"/>
            <line number="776" hits="0" branch="false"/>
            <line number="778" hits="0" branch="false"/>
            <line number="779" hits="0" branch="true" condition-coverage="0% (0/2)"/>
            <line number="783" hits="0" branch="false"/>
            <line number="784" hits="0" branch="true" condition-coverage="0% (0/1)"/>
            <line number="785" hits="0" branch="false"/>
            <line number="788" hits="0" branch="false"/>
            <line number="793" hits="0" branch="true" condition-coverage="0% (0/1)"/>
            <line number="796" hits="0" branch="false"/>
            <line number="798" hits="0" branch="false"/>
            <line number="806" hits="0" branch="false"/>
            <line number="809" hits="0" branch="false"/>
            <line number="816" hits="0" branch="false"/>
            <line number="818" hits="0" branch="false"/>
            <line number="823" hits="0" branch="false"/>
            <line number="831" hits="0" branch="false"/>
            <line number="861" hits="0" branch="false"/>
            <line number="864" hits="0" branch="false"/>
            <line number="871" hits="0" branch="false"/>
            <line number="872" hits="0" branch="false"/>
            <line number="892" hits="0" branch="false"/>
            <line number="895" hits="0" branch="false"/>
            <line number="902" hits="0" branch="false"/>
            <line number="903" hits="0" branch="false"/>
            <line number="924" hits="0" branch="false"/>
            <line number="925" hits="0" branch="false"/>
            <line number="932" hits="0" branch="false"/>
            <line number="933" hits="0" branch="false"/>
            <line number="953" hits="0" branch="false"/>
            <line number="956" hits="0" branch="false"/>
            <line number="963" hits="0" branch="false"/>
            <line number="964" hits="0" branch="false"/>
            <line number="978" hits="0" branch="false"/>
            <line number="981" hits="0" branch="false"/>
            <line number="988" hits="0" branch="false"/>
            <line number="989" hits="0" branch="false"/>
            <line number="1004" hits="0" branch="false"/>
            <line number="1007" hits="0" branch="false"/>
            <line number="1014" hits="0" branch="false"/>
            <line number="1015" hits="0" branch="false"/>
            <line number="1036" hits="0" branch="false"/>
            <line number="1039" hits="0" branch="false"/>
            <line number="1046" hits="0" branch="false"/>
            <line number="1047" hits="0" branch="false"/>
            <line number="1058" hits="0" branch="false"/>
            <line number="1059" hits="0" branch="false"/>
          </lines>
        </class>
        <class name="helpers.ts" filename="src/acquire/helpers.ts" line-rate="0.9714" branch-rate="0.32">
          <methods>
            <method name="groupByParentStep" hits="1" signature="()V">
              <lines>
                <line number="24" hits="1"/>
              </lines>
            </method>
            <method name="(anonymous_1)" hits="10" signature="()V">
              <lines>
                <line number="25" hits="10"/>
              </lines>
            </method>
            <method name="(anonymous_2)" hits="3" signature="()V">
              <lines>
                <line number="45" hits="3"/>
              </lines>
            </method>
            <method name="(anonymous_3)" hits="30" signature="()V">
              <lines>
                <line number="49" hits="30"/>
              </lines>
            </method>
            <method name="(anonymous_4)" hits="10" signature="()V">
              <lines>
                <line number="50" hits="10"/>
              </lines>
            </method>
            <method name="getStatusFromMetrics" hits="3" signature="()V">
              <lines>
                <line number="67" hits="3"/>
              </lines>
            </method>
            <method name="(anonymous_6)" hits="1" signature="()V">
              <lines>
                <line number="106" hits="1"/>
              </lines>
            </method>
            <method name="(anonymous_7)" hits="1" signature="()V">
              <lines>
                <line number="112" hits="1"/>
              </lines>
            </method>
            <method name="(anonymous_8)" hits="1" signature="()V">
              <lines>
                <line number="119" hits="1"/>
              </lines>
            </method>
          </methods>
          <lines>
            <line number="1" hits="2" branch="false"/>
            <line number="25" hits="1" branch="false"/>
            <line number="26" hits="10" branch="false"/>
            <line number="27" hits="10" branch="false"/>
            <line number="29" hits="10" branch="true" condition-coverage="100% (1/1)"/>
            <line number="30" hits="3" branch="false"/>
            <line number="39" hits="10" branch="false"/>
            <line number="40" hits="10" branch="false"/>
            <line number="42" hits="10" branch="false"/>
            <line number="45" hits="1" branch="false"/>
            <line number="46" hits="3" branch="false"/>
            <line number="47" hits="3" branch="false"/>
            <line number="48" hits="3" branch="false"/>
            <line number="49" hits="30" branch="false"/>
            <line number="51" hits="10" branch="false"/>
            <line number="52" hits="10" branch="false"/>
            <line number="55" hits="3" branch="false"/>
            <line number="64" hits="1" branch="false"/>
            <line number="71" hits="3" branch="false"/>
            <line number="73" hits="3" branch="false"/>
            <line number="76" hits="3" branch="false"/>
            <line number="77" hits="3" branch="false"/>
            <line number="78" hits="3" branch="false"/>
            <line number="79" hits="3" branch="false"/>
            <line number="80" hits="3" branch="false"/>
            <line number="82" hits="3" branch="true" condition-coverage="75% (3/4)"/>
            <line number="84" hits="1" branch="true" condition-coverage="50% (1/2)"/>
            <line number="86" hits="1" branch="true" condition-coverage="50% (1/2)"/>
            <line number="94" hits="1" branch="true" condition-coverage="50% (1/2)"/>
            <line number="102" hits="0" branch="false"/>
            <line number="106" hits="2" branch="false"/>
            <line number="109" hits="1" branch="false"/>
            <line number="112" hits="2" branch="false"/>
            <line number="118" hits="1" branch="false"/>
            <line number="120" hits="1" branch="true" condition-coverage="50% (1/2)"/>
          </lines>
        </class>
      </classes>
    </package>
    <package name="src.acquireEntity" line-rate="0.3488" branch-rate="0">
      <classes>
        <class name="acquireEntity.service.ts" filename="src/acquireEntity/acquireEntity.service.ts" line-rate="0.317" branch-rate="0">
          <methods>
            <method name="createDefaultProactivePOVConfig" hits="0" signature="()V">
              <lines>
                <line number="36" hits="0"/>
              </lines>
            </method>
            <method name="(anonymous_1)" hits="0" signature="()V">
              <lines>
                <line number="39" hits="0"/>
              </lines>
            </method>
            <method name="createDefaultConfig" hits="0" signature="()V">
              <lines>
                <line number="120" hits="0"/>
              </lines>
            </method>
            <method name="(anonymous_3)" hits="0" signature="()V">
              <lines>
                <line number="125" hits="0"/>
              </lines>
            </method>
            <method name="isEmptyString" hits="0" signature="()V">
              <lines>
                <line number="213" hits="0"/>
              </lines>
            </method>
            <method name="getPipelineTasks" hits="0" signature="()V">
              <lines>
                <line number="296" hits="0"/>
              </lines>
            </method>
            <method name="getBuildType" hits="0" signature="()V">
              <lines>
                <line number="309" hits="0"/>
              </lines>
            </method>
            <method name="createBuild" hits="0" signature="()V">
              <lines>
                <line number="317" hits="0"/>
              </lines>
            </method>
          </methods>
          <lines>
            <line number="8" hits="2" branch="false"/>
            <line number="10" hits="2" branch="false"/>
            <line number="15" hits="2" branch="false"/>
            <line number="16" hits="2" branch="false"/>
            <line number="26" hits="2" branch="false"/>
            <line number="36" hits="2" branch="false"/>
            <line number="37" hits="0" branch="false"/>
            <line number="39" hits="0" branch="false"/>
            <line number="40" hits="0" branch="false"/>
            <line number="43" hits="0" branch="false"/>
            <line number="120" hits="2" branch="false"/>
            <line number="121" hits="0" branch="false"/>
            <line number="122" hits="0" branch="false"/>
            <line number="123" hits="0" branch="false"/>
            <line number="125" hits="0" branch="false"/>
            <line number="126" hits="0" branch="false"/>
            <line number="134" hits="0" branch="false"/>
            <line number="213" hits="2" branch="false"/>
            <line number="214" hits="0" branch="true" condition-coverage="0% (0/7)"/>
            <line number="217" hits="2" branch="false"/>
            <line number="225" hits="2" branch="false"/>
            <line number="296" hits="2" branch="false"/>
            <line number="299" hits="0" branch="true" condition-coverage="0% (0/2)"/>
            <line number="301" hits="0" branch="false"/>
            <line number="303" hits="0" branch="false"/>
            <line number="309" hits="2" branch="false"/>
            <line number="310" hits="0" branch="true" condition-coverage="0% (0/1)"/>
            <line number="311" hits="0" branch="false"/>
            <line number="314" hits="0" branch="false"/>
            <line number="317" hits="2" branch="false"/>
            <line number="322" hits="0" branch="false"/>
            <line number="324" hits="0" branch="false"/>
            <line number="325" hits="0" branch="false"/>
            <line number="339" hits="0" branch="false"/>
            <line number="340" hits="0" branch="false"/>
            <line number="342" hits="0" branch="false"/>
            <line number="356" hits="0" branch="false"/>
            <line number="358" hits="0" branch="false"/>
            <line number="359" hits="0" branch="true" condition-coverage="0% (0/2)"/>
            <line number="360" hits="0" branch="false"/>
            <line number="362" hits="0" branch="false"/>
          </lines>
        </class>
        <class name="constants.ts" filename="src/acquireEntity/constants.ts" line-rate="1" branch-rate="1">
          <methods>
          </methods>
          <lines>
            <line number="1" hits="2" branch="false"/>
            <line number="59" hits="2" branch="false"/>
          </lines>
        </class>
      </classes>
    </package>
    <package name="src.auth.decorators" line-rate="1" branch-rate="1">
      <classes>
        <class name="auth.decorator.ts" filename="src/auth/decorators/auth.decorator.ts" line-rate="1" branch-rate="1">
          <methods>
            <method name="(anonymous_0)" hits="34" signature="()V">
              <lines>
                <line number="15" hits="34"/>
              </lines>
            </method>
          </methods>
          <lines>
            <line number="1" hits="4" branch="false"/>
            <line number="3" hits="4" branch="false"/>
            <line number="4" hits="4" branch="false"/>
            <line number="5" hits="4" branch="false"/>
            <line number="10" hits="4" branch="false"/>
            <line number="15" hits="4" branch="false"/>
            <line number="16" hits="34" branch="false"/>
            <line number="25" hits="34" branch="true" condition-coverage="100% (9/9)"/>
            <line number="26" hits="28" branch="false"/>
            <line number="27" hits="28" branch="false"/>
            <line number="29" hits="34" branch="false"/>
          </lines>
        </class>
        <class name="roles.decorator.ts" filename="src/auth/decorators/roles.decorator.ts" line-rate="1" branch-rate="1">
          <methods>
            <method name="(anonymous_0)" hits="28" signature="()V">
              <lines>
                <line number="4" hits="28"/>
              </lines>
            </method>
          </methods>
          <lines>
            <line number="1" hits="4" branch="false"/>
            <line number="2" hits="4" branch="false"/>
            <line number="4" hits="4" branch="false"/>
            <line number="5" hits="28" branch="false"/>
            <line number="6" hits="28" branch="false"/>
          </lines>
        </class>
      </classes>
    </package>
    <package name="src.auth.guards" line-rate="0.8965000000000001" branch-rate="0.6666">
      <classes>
        <class name="projectRole.guard.ts" filename="src/auth/guards/projectRole.guard.ts" line-rate="0.9473" branch-rate="0.8">
          <methods>
            <method name="(anonymous_2)" hits="35" signature="()V">
              <lines>
                <line number="13" hits="35"/>
              </lines>
            </method>
            <method name="(anonymous_3)" hits="3" signature="()V">
              <lines>
                <line number="18" hits="3"/>
              </lines>
            </method>
            <method name="(anonymous_4)" hits="2" signature="()V">
              <lines>
                <line number="38" hits="2"/>
              </lines>
            </method>
          </methods>
          <lines>
            <line number="1" hits="5" branch="false"/>
            <line number="7" hits="5" branch="false"/>
            <line number="8" hits="5" branch="false"/>
            <line number="12" hits="5" branch="false"/>
            <line number="14" hits="35" branch="false"/>
            <line number="15" hits="35" branch="false"/>
            <line number="19" hits="3" branch="false"/>
            <line number="24" hits="3" branch="true" condition-coverage="100% (1/1)"/>
            <line number="25" hits="1" branch="false"/>
            <line number="28" hits="2" branch="false"/>
            <line number="30" hits="2" branch="false"/>
            <line number="32" hits="2" branch="false"/>
            <line number="34" hits="2" branch="true" condition-coverage="66.66666666666666% (2/3)"/>
            <line number="35" hits="0" branch="false"/>
            <line number="38" hits="2" branch="false"/>
            <line number="39" hits="2" branch="false"/>
            <line number="42" hits="2" branch="true" condition-coverage="100% (1/1)"/>
            <line number="43" hits="1" branch="false"/>
            <line number="46" hits="1" branch="false"/>
          </lines>
        </class>
        <class name="session.guard.ts" filename="src/auth/guards/session.guard.ts" line-rate="0.8" branch-rate="0">
          <methods>
            <method name="(anonymous_2)" hits="47" signature="()V">
              <lines>
                <line number="6" hits="47"/>
              </lines>
            </method>
            <method name="(anonymous_3)" hits="1" signature="()V">
              <lines>
                <line number="8" hits="1"/>
              </lines>
            </method>
          </methods>
          <lines>
            <line number="1" hits="5" branch="false"/>
            <line number="2" hits="5" branch="false"/>
            <line number="5" hits="5" branch="false"/>
            <line number="6" hits="47" branch="false"/>
            <line number="9" hits="1" branch="false"/>
            <line number="10" hits="1" branch="false"/>
            <line number="11" hits="1" branch="true" condition-coverage="0% (0/1)"/>
            <line number="12" hits="0" branch="false"/>
            <line number="14" hits="1" branch="false"/>
            <line number="16" hits="0" branch="false"/>
          </lines>
        </class>
      </classes>
    </package>
    <package name="src.auth.middlewares.permissions" line-rate="0.6666" branch-rate="0">
      <classes>
        <class name="permissions.middleware.ts" filename="src/auth/middlewares/permissions/permissions.middleware.ts" line-rate="0.4" branch-rate="0">
          <methods>
            <method name="(anonymous_2)" hits="1" signature="()V">
              <lines>
                <line number="12" hits="1"/>
              </lines>
            </method>
            <method name="(anonymous_3)" hits="0" signature="()V">
              <lines>
                <line number="14" hits="0"/>
              </lines>
            </method>
          </methods>
          <lines>
            <line number="1" hits="1" branch="false"/>
            <line number="8" hits="1" branch="false"/>
            <line number="11" hits="1" branch="false"/>
            <line number="12" hits="1" branch="false"/>
            <line number="15" hits="0" branch="false"/>
            <line number="16" hits="0" branch="false"/>
            <line number="17" hits="0" branch="false"/>
            <line number="19" hits="0" branch="true" condition-coverage="0% (0/1)"/>
            <line number="20" hits="0" branch="false"/>
            <line number="28" hits="0" branch="false"/>
          </lines>
        </class>
        <class name="permissions.module.ts" filename="src/auth/middlewares/permissions/permissions.module.ts" line-rate="1" branch-rate="1">
          <methods>
            <method name="(anonymous_1)" hits="1" signature="()V">
              <lines>
                <line number="13" hits="1"/>
              </lines>
            </method>
          </methods>
          <lines>
            <line number="1" hits="1" branch="false"/>
            <line number="2" hits="1" branch="false"/>
            <line number="3" hits="1" branch="false"/>
            <line number="4" hits="1" branch="false"/>
            <line number="5" hits="1" branch="false"/>
            <line number="6" hits="1" branch="false"/>
            <line number="12" hits="1" branch="false"/>
            <line number="14" hits="1" branch="false"/>
          </lines>
        </class>
      </classes>
    </package>
    <package name="src.decorators" line-rate="1" branch-rate="0.7857">
      <classes>
        <class name="swagger.decorator.ts" filename="src/decorators/swagger.decorator.ts" line-rate="1" branch-rate="0.7857">
          <methods>
            <method name="(anonymous_0)" hits="36" signature="()V">
              <lines>
                <line number="21" hits="36"/>
              </lines>
            </method>
          </methods>
          <lines>
            <line number="1" hits="4" branch="false"/>
            <line number="2" hits="4" branch="false"/>
            <line number="21" hits="4" branch="false"/>
            <line number="22" hits="36" branch="false"/>
            <line number="29" hits="36" branch="true" condition-coverage="80% (4/5)"/>
            <line number="30" hits="22" branch="false"/>
            <line number="32" hits="36" branch="true" condition-coverage="80% (4/5)"/>
            <line number="33" hits="32" branch="false"/>
            <line number="37" hits="36" branch="true" condition-coverage="80% (4/5)"/>
            <line number="38" hits="8" branch="false"/>
            <line number="42" hits="36" branch="true" condition-coverage="80% (4/5)"/>
            <line number="43" hits="8" branch="false"/>
            <line number="45" hits="36" branch="false"/>
          </lines>
        </class>
      </classes>
    </package>
    <package name="src.helper" line-rate="0.8946999999999999" branch-rate="0.909">
      <classes>
        <class name="transform.ts" filename="src/helper/transform.ts" line-rate="0.8946999999999999" branch-rate="0.909">
          <methods>
            <method name="(anonymous_0)" hits="8" signature="()V">
              <lines>
                <line number="3" hits="8"/>
              </lines>
            </method>
            <method name="(anonymous_1)" hits="0" signature="()V">
              <lines>
                <line number="5" hits="0"/>
              </lines>
            </method>
            <method name="(anonymous_2)" hits="8" signature="()V">
              <lines>
                <line number="13" hits="8"/>
              </lines>
            </method>
            <method name="(anonymous_3)" hits="10" signature="()V">
              <lines>
                <line number="15" hits="10"/>
              </lines>
            </method>
            <method name="(anonymous_4)" hits="8" signature="()V">
              <lines>
                <line number="24" hits="8"/>
              </lines>
            </method>
            <method name="(anonymous_5)" hits="10" signature="()V">
              <lines>
                <line number="30" hits="10"/>
              </lines>
            </method>
          </methods>
          <lines>
            <line number="1" hits="2" branch="false"/>
            <line number="3" hits="2" branch="false"/>
            <line number="4" hits="8" branch="false"/>
            <line number="6" hits="0" branch="false"/>
            <line number="13" hits="8" branch="false"/>
            <line number="14" hits="8" branch="false"/>
            <line number="16" hits="10" branch="false"/>
            <line number="24" hits="8" branch="false"/>
            <line number="25" hits="8" branch="false"/>
            <line number="26" hits="8" branch="false"/>
            <line number="30" hits="2" branch="false"/>
            <line number="31" hits="10" branch="true" condition-coverage="100% (1/1)"/>
            <line number="32" hits="6" branch="false"/>
            <line number="34" hits="4" branch="true" condition-coverage="80% (4/5)"/>
            <line number="35" hits="0" branch="false"/>
            <line number="37" hits="4" branch="true" condition-coverage="100% (5/5)"/>
            <line number="38" hits="2" branch="false"/>
            <line number="40" hits="2" branch="false"/>
            <line number="43" hits="2" branch="false"/>
          </lines>
        </class>
      </classes>
    </package>
    <package name="src.projects" line-rate="0.9166" branch-rate="0.9209999999999999">
      <classes>
        <class name="projects.controller.ts" filename="src/projects/projects.controller.ts" line-rate="1" branch-rate="1">
          <methods>
            <method name="(anonymous_4)" hits="5" signature="()V">
              <lines>
                <line number="21" hits="5"/>
              </lines>
            </method>
            <method name="(anonymous_5)" hits="3" signature="()V">
              <lines>
                <line number="35" hits="3"/>
              </lines>
            </method>
          </methods>
          <lines>
            <line number="1" hits="2" branch="false"/>
            <line number="2" hits="2" branch="false"/>
            <line number="10" hits="2" branch="false"/>
            <line number="11" hits="2" branch="false"/>
            <line number="12" hits="2" branch="false"/>
            <line number="13" hits="2" branch="false"/>
            <line number="14" hits="2" branch="false"/>
            <line number="20" hits="2" branch="false"/>
            <line number="21" hits="5" branch="false"/>
            <line number="35" hits="2" branch="false"/>
            <line number="36" hits="3" branch="false"/>
          </lines>
        </class>
        <class name="projects.module.ts" filename="src/projects/projects.module.ts" line-rate="1" branch-rate="1">
          <methods>
          </methods>
          <lines>
            <line number="1" hits="1" branch="false"/>
            <line number="2" hits="1" branch="false"/>
            <line number="3" hits="1" branch="false"/>
            <line number="4" hits="1" branch="false"/>
            <line number="5" hits="1" branch="false"/>
            <line number="6" hits="1" branch="false"/>
            <line number="13" hits="1" branch="false"/>
          </lines>
        </class>
        <class name="projects.service.ts" filename="src/projects/projects.service.ts" line-rate="0.8332999999999999" branch-rate="0.9209999999999999">
          <methods>
            <method name="(anonymous_2)" hits="36" signature="()V">
              <lines>
                <line number="8" hits="36"/>
              </lines>
            </method>
            <method name="(anonymous_3)" hits="4" signature="()V">
              <lines>
                <line number="13" hits="4"/>
              </lines>
            </method>
            <method name="(anonymous_4)" hits="1" signature="()V">
              <lines>
                <line number="34" hits="1"/>
              </lines>
            </method>
          </methods>
          <lines>
            <line number="1" hits="3" branch="false"/>
            <line number="3" hits="3" branch="false"/>
            <line number="4" hits="3" branch="false"/>
            <line number="7" hits="3" branch="false"/>
            <line number="9" hits="36" branch="false"/>
            <line number="10" hits="36" branch="false"/>
            <line number="14" hits="4" branch="false"/>
            <line number="15" hits="4" branch="false"/>
            <line number="19" hits="2" branch="false"/>
            <line number="25" hits="2" branch="true" condition-coverage="77.77777777777779% (7/9)"/>
            <line number="26" hits="1" branch="false"/>
            <line number="30" hits="1" branch="false"/>
            <line number="35" hits="1" branch="false"/>
            <line number="36" hits="1" branch="false"/>
            <line number="37" hits="1" branch="false"/>
            <line number="39" hits="0" branch="true" condition-coverage="0% (0/1)"/>
            <line number="40" hits="0" branch="false"/>
            <line number="42" hits="0" branch="false"/>
          </lines>
        </class>
      </classes>
    </package>
    <package name="src.services" line-rate="0.8416" branch-rate="0.8332999999999999">
      <classes>
        <class name="file.service.ts" filename="src/services/file.service.ts" line-rate="0.7306999999999999" branch-rate="0.8332999999999999">
          <methods>
            <method name="(anonymous_9)" hits="7" signature="()V">
              <lines>
                <line number="18" hits="7"/>
              </lines>
            </method>
            <method name="(anonymous_10)" hits="2" signature="()V">
              <lines>
                <line number="52" hits="2"/>
              </lines>
            </method>
            <method name="(anonymous_11)" hits="2" signature="()V">
              <lines>
                <line number="64" hits="2"/>
              </lines>
            </method>
            <method name="(anonymous_12)" hits="3" signature="()V">
              <lines>
                <line number="72" hits="3"/>
              </lines>
            </method>
            <method name="(anonymous_13)" hits="2" signature="()V">
              <lines>
                <line number="84" hits="2"/>
              </lines>
            </method>
            <method name="(anonymous_14)" hits="0" signature="()V">
              <lines>
                <line number="93" hits="0"/>
              </lines>
            </method>
          </methods>
          <lines>
            <line number="1" hits="3" branch="false"/>
            <line number="2" hits="3" branch="false"/>
            <line number="9" hits="3" branch="false"/>
            <line number="10" hits="3" branch="false"/>
            <line number="14" hits="3" branch="false"/>
            <line number="16" hits="7" branch="false"/>
            <line number="18" hits="7" branch="false"/>
            <line number="19" hits="7" branch="false"/>
            <line number="20" hits="7" branch="false"/>
            <line number="21" hits="7" branch="false"/>
            <line number="22" hits="7" branch="false"/>
            <line number="23" hits="7" branch="false"/>
            <line number="25" hits="7" branch="true" condition-coverage="100% (1/1)"/>
            <line number="26" hits="3" branch="false"/>
            <line number="27" hits="3" branch="false"/>
            <line number="29" hits="7" branch="true" condition-coverage="100% (1/1)"/>
            <line number="30" hits="3" branch="false"/>
            <line number="31" hits="3" branch="false"/>
            <line number="33" hits="7" branch="true" condition-coverage="100% (1/1)"/>
            <line number="34" hits="3" branch="false"/>
            <line number="35" hits="3" branch="false"/>
            <line number="37" hits="7" branch="true" condition-coverage="100% (2/2)"/>
            <line number="38" hits="4" branch="false"/>
            <line number="48" hits="3" branch="false"/>
            <line number="53" hits="2" branch="true" condition-coverage="100% (1/1)"/>
            <line number="54" hits="1" branch="false"/>
            <line number="56" hits="1" branch="false"/>
            <line number="61" hits="1" branch="false"/>
            <line number="65" hits="2" branch="true" condition-coverage="100% (1/1)"/>
            <line number="66" hits="1" branch="false"/>
            <line number="68" hits="1" branch="false"/>
            <line number="69" hits="1" branch="false"/>
            <line number="76" hits="3" branch="true" condition-coverage="100% (1/1)"/>
            <line number="77" hits="1" branch="false"/>
            <line number="80" hits="2" branch="false"/>
            <line number="83" hits="2" branch="true" condition-coverage="100% (2/2)"/>
            <line number="84" hits="2" branch="false"/>
            <line number="89" hits="1" branch="false"/>
            <line number="94" hits="0" branch="false"/>
            <line number="95" hits="0" branch="true" condition-coverage="0% (0/1)"/>
            <line number="96" hits="0" branch="false"/>
            <line number="101" hits="0" branch="false"/>
            <line number="103" hits="0" branch="false"/>
            <line number="107" hits="0" branch="true" condition-coverage="0% (0/1)"/>
            <line number="108" hits="0" branch="false"/>
            <line number="109" hits="0" branch="false"/>
            <line number="110" hits="0" branch="false"/>
            <line number="112" hits="0" branch="false"/>
            <line number="113" hits="0" branch="false"/>
            <line number="116" hits="0" branch="false"/>
            <line number="118" hits="0" branch="false"/>
            <line number="119" hits="0" branch="false"/>
          </lines>
        </class>
        <class name="machinify.service.ts" filename="src/services/machinify.service.ts" line-rate="0.9264" branch-rate="0.8332999999999999">
          <methods>
            <method name="(anonymous_4)" hits="10" signature="()V">
              <lines>
                <line number="27" hits="10"/>
              </lines>
            </method>
            <method name="(anonymous_5)" hits="5" signature="()V">
              <lines>
                <line number="53" hits="5"/>
              </lines>
            </method>
            <method name="(anonymous_6)" hits="4" signature="()V">
              <lines>
                <line number="83" hits="4"/>
              </lines>
            </method>
            <method name="(anonymous_7)" hits="1" signature="()V">
              <lines>
                <line number="87" hits="1"/>
              </lines>
            </method>
            <method name="(anonymous_8)" hits="1" signature="()V">
              <lines>
                <line number="95" hits="1"/>
              </lines>
            </method>
            <method name="(anonymous_9)" hits="2" signature="()V">
              <lines>
                <line number="96" hits="2"/>
              </lines>
            </method>
            <method name="(anonymous_10)" hits="8" signature="()V">
              <lines>
                <line number="98" hits="8"/>
              </lines>
            </method>
            <method name="(anonymous_11)" hits="3" signature="()V">
              <lines>
                <line number="107" hits="3"/>
              </lines>
            </method>
            <method name="(anonymous_12)" hits="6" signature="()V">
              <lines>
                <line number="134" hits="6"/>
              </lines>
            </method>
            <method name="(anonymous_13)" hits="4" signature="()V">
              <lines>
                <line number="163" hits="4"/>
              </lines>
            </method>
            <method name="(anonymous_14)" hits="0" signature="()V">
              <lines>
                <line number="184" hits="0"/>
              </lines>
            </method>
          </methods>
          <lines>
            <line number="1" hits="8" branch="false"/>
            <line number="12" hits="8" branch="false"/>
            <line number="13" hits="8" branch="false"/>
            <line number="22" hits="8" branch="false"/>
            <line number="25" hits="10" branch="false"/>
            <line number="29" hits="10" branch="false"/>
            <line number="30" hits="10" branch="false"/>
            <line number="32" hits="10" branch="false"/>
            <line number="33" hits="10" branch="true" condition-coverage="100% (1/1)"/>
            <line number="34" hits="1" branch="false"/>
            <line number="37" hits="9" branch="false"/>
            <line number="39" hits="9" branch="true" condition-coverage="100% (3/3)"/>
            <line number="40" hits="1" branch="false"/>
            <line number="41" hits="1" branch="true" condition-coverage="100% (1/1)"/>
            <line number="42" hits="1" branch="false"/>
            <line number="46" hits="9" branch="true" condition-coverage="100% (1/1)"/>
            <line number="47" hits="1" branch="false"/>
            <line number="50" hits="8" branch="false"/>
            <line number="51" hits="8" branch="false"/>
            <line number="54" hits="5" branch="false"/>
            <line number="63" hits="5" branch="false"/>
            <line number="64" hits="5" branch="false"/>
            <line number="65" hits="5" branch="false"/>
            <line number="66" hits="5" branch="false"/>
            <line number="67" hits="3" branch="false"/>
            <line number="69" hits="3" branch="true" condition-coverage="100% (1/1)"/>
            <line number="70" hits="1" branch="false"/>
            <line number="72" hits="2" branch="false"/>
            <line number="74" hits="3" branch="false"/>
            <line number="75" hits="3" branch="true" condition-coverage="100% (1/1)"/>
            <line number="76" hits="2" branch="false"/>
            <line number="78" hits="1" branch="false"/>
            <line number="84" hits="4" branch="false"/>
            <line number="88" hits="1" branch="false"/>
            <line number="95" hits="8" branch="false"/>
            <line number="96" hits="1" branch="false"/>
            <line number="97" hits="2" branch="false"/>
            <line number="98" hits="8" branch="false"/>
            <line number="107" hits="8" branch="false"/>
            <line number="111" hits="3" branch="false"/>
            <line number="112" hits="3" branch="false"/>
            <line number="119" hits="3" branch="false"/>
            <line number="124" hits="1" branch="false"/>
            <line number="126" hits="2" branch="true" condition-coverage="100% (2/2)"/>
            <line number="127" hits="1" branch="false"/>
            <line number="129" hits="1" branch="false"/>
            <line number="134" hits="8" branch="false"/>
            <line number="140" hits="6" branch="false"/>
            <line number="144" hits="6" branch="false"/>
            <line number="145" hits="6" branch="false"/>
            <line number="147" hits="4" branch="true" condition-coverage="100% (2/2)"/>
            <line number="148" hits="1" branch="false"/>
            <line number="149" hits="3" branch="true" condition-coverage="100% (2/2)"/>
            <line number="153" hits="2" branch="false"/>
            <line number="158" hits="1" branch="false"/>
            <line number="163" hits="8" branch="false"/>
            <line number="169" hits="4" branch="false"/>
            <line number="173" hits="4" branch="false"/>
            <line number="174" hits="4" branch="false"/>
            <line number="176" hits="2" branch="true" condition-coverage="100% (2/2)"/>
            <line number="177" hits="1" branch="false"/>
            <line number="179" hits="1" branch="false"/>
            <line number="184" hits="8" branch="false"/>
            <line number="189" hits="0" branch="false"/>
            <line number="190" hits="0" branch="false"/>
            <line number="195" hits="0" branch="true" condition-coverage="0% (0/2)"/>
            <line number="196" hits="0" branch="false"/>
            <line number="198" hits="0" branch="false"/>
          </lines>
        </class>
      </classes>
    </package>
    <package name="src.services.tableBuilder" line-rate="0.8845999999999999" branch-rate="0.7306999999999999">
      <classes>
        <class name="filters.ts" filename="src/services/tableBuilder/filters.ts" line-rate="1" branch-rate="1">
          <methods>
            <method name="cast_val" hits="133" signature="()V">
              <lines>
                <line number="3" hits="133"/>
              </lines>
            </method>
            <method name="(anonymous_1)" hits="4" signature="()V">
              <lines>
                <line number="11" hits="4"/>
              </lines>
            </method>
          </methods>
          <lines>
            <line number="1" hits="4" branch="false"/>
            <line number="4" hits="133" branch="true" condition-coverage="100% (3/3)"/>
            <line number="5" hits="2" branch="false"/>
            <line number="7" hits="131" branch="true" condition-coverage="100% (1/1)"/>
            <line number="8" hits="2" branch="true" condition-coverage="100% (1/1)"/>
            <line number="9" hits="1" branch="false"/>
            <line number="11" hits="4" branch="false"/>
            <line number="12" hits="1" branch="false"/>
            <line number="14" hits="129" branch="true" condition-coverage="100% (1/1)"/>
            <line number="15" hits="64" branch="true" condition-coverage="100% (2/2)"/>
            <line number="17" hits="65" branch="true" condition-coverage="100% (1/1)"/>
            <line number="18" hits="56" branch="false"/>
            <line number="20" hits="9" branch="true" condition-coverage="100% (1/1)"/>
            <line number="21" hits="8" branch="true" condition-coverage="100% (2/2)"/>
            <line number="22" hits="7" branch="true" condition-coverage="100% (2/2)"/>
            <line number="26" hits="1" branch="false"/>
            <line number="30" hits="1" branch="false"/>
            <line number="35" hits="4" branch="false"/>
          </lines>
        </class>
        <class name="tableBuilder.service.ts" filename="src/services/tableBuilder/tableBuilder.service.ts" line-rate="0.8234999999999999" branch-rate="0.3636">
          <methods>
            <method name="(anonymous_2)" hits="16" signature="()V">
              <lines>
                <line number="17" hits="16"/>
              </lines>
            </method>
            <method name="(anonymous_3)" hits="14" signature="()V">
              <lines>
                <line number="31" hits="14"/>
              </lines>
            </method>
            <method name="(anonymous_4)" hits="2" signature="()V">
              <lines>
                <line number="45" hits="2"/>
              </lines>
            </method>
          </methods>
          <lines>
            <line number="1" hits="3" branch="false"/>
            <line number="2" hits="3" branch="false"/>
            <line number="3" hits="3" branch="false"/>
            <line number="8" hits="3" branch="false"/>
            <line number="9" hits="3" branch="false"/>
            <line number="11" hits="3" branch="false"/>
            <line number="14" hits="3" branch="false"/>
            <line number="15" hits="16" branch="false"/>
            <line number="17" hits="16" branch="false"/>
            <line number="18" hits="16" branch="false"/>
            <line number="26" hits="16" branch="false"/>
            <line number="27" hits="16" branch="false"/>
            <line number="32" hits="14" branch="true" condition-coverage="0% (0/1)"/>
            <line number="33" hits="0" branch="false"/>
            <line number="35" hits="14" branch="false"/>
            <line number="37" hits="14" branch="false"/>
            <line number="41" hits="14" branch="false"/>
            <line number="42" hits="14" branch="false"/>
            <line number="51" hits="2" branch="true" condition-coverage="0% (0/1)"/>
            <line number="52" hits="0" branch="false"/>
            <line number="54" hits="2" branch="true" condition-coverage="0% (0/1)"/>
            <line number="55" hits="0" branch="false"/>
            <line number="57" hits="2" branch="true" condition-coverage="0% (0/1)"/>
            <line number="58" hits="0" branch="false"/>
            <line number="60" hits="2" branch="true" condition-coverage="0% (0/1)"/>
            <line number="61" hits="0" branch="false"/>
            <line number="64" hits="2" branch="false"/>
            <line number="66" hits="2" branch="false"/>
            <line number="68" hits="2" branch="false"/>
            <line number="69" hits="2" branch="false"/>
            <line number="76" hits="1" branch="true" condition-coverage="66.66666666666666% (4/6)"/>
            <line number="77" hits="1" branch="false"/>
            <line number="80" hits="1" branch="false"/>
            <line number="87" hits="0" branch="false"/>
          </lines>
        </class>
      </classes>
    </package>
    <package name="src.user" line-rate="0.9761" branch-rate="0.9">
      <classes>
        <class name="user.controller.ts" filename="src/user/user.controller.ts" line-rate="0.9545" branch-rate="0.75">
          <methods>
            <method name="(anonymous_2)" hits="9" signature="()V">
              <lines>
                <line number="23" hits="9"/>
              </lines>
            </method>
            <method name="(anonymous_3)" hits="4" signature="()V">
              <lines>
                <line number="37" hits="4"/>
              </lines>
            </method>
            <method name="(anonymous_4)" hits="4" signature="()V">
              <lines>
                <line number="62" hits="4"/>
              </lines>
            </method>
          </methods>
          <lines>
            <line number="1" hits="2" branch="false"/>
            <line number="9" hits="2" branch="false"/>
            <line number="15" hits="2" branch="false"/>
            <line number="16" hits="2" branch="false"/>
            <line number="17" hits="2" branch="false"/>
            <line number="18" hits="2" branch="false"/>
            <line number="22" hits="2" branch="false"/>
            <line number="23" hits="9" branch="false"/>
            <line number="37" hits="2" branch="false"/>
            <line number="38" hits="4" branch="false"/>
            <line number="39" hits="4" branch="false"/>
            <line number="40" hits="1" branch="false"/>
            <line number="42" hits="3" branch="true" condition-coverage="100% (2/2)"/>
            <line number="43" hits="1" branch="false"/>
            <line number="45" hits="2" branch="false"/>
            <line number="62" hits="2" branch="false"/>
            <line number="63" hits="4" branch="false"/>
            <line number="64" hits="4" branch="false"/>
            <line number="65" hits="3" branch="false"/>
            <line number="67" hits="1" branch="true" condition-coverage="50% (1/2)"/>
            <line number="68" hits="1" branch="false"/>
            <line number="70" hits="0" branch="false"/>
          </lines>
        </class>
        <class name="user.service.ts" filename="src/user/user.service.ts" line-rate="1" branch-rate="0.9166">
          <methods>
            <method name="(anonymous_2)" hits="8" signature="()V">
              <lines>
                <line number="10" hits="8"/>
              </lines>
            </method>
            <method name="(anonymous_3)" hits="4" signature="()V">
              <lines>
                <line number="12" hits="4"/>
              </lines>
            </method>
            <method name="(anonymous_4)" hits="4" signature="()V">
              <lines>
                <line number="27" hits="4"/>
              </lines>
            </method>
            <method name="(anonymous_5)" hits="30" signature="()V">
              <lines>
                <line number="33" hits="30"/>
              </lines>
            </method>
          </methods>
          <lines>
            <line number="1" hits="6" branch="false"/>
            <line number="2" hits="6" branch="false"/>
            <line number="3" hits="6" branch="false"/>
            <line number="4" hits="6" branch="false"/>
            <line number="6" hits="6" branch="false"/>
            <line number="9" hits="6" branch="false"/>
            <line number="10" hits="8" branch="false"/>
            <line number="13" hits="4" branch="false"/>
            <line number="17" hits="2" branch="true" condition-coverage="91.66666666666666% (11/12)"/>
            <line number="18" hits="2" branch="true" condition-coverage="91.66666666666666% (11/12)"/>
            <line number="20" hits="2" branch="true" condition-coverage="100% (1/1)"/>
            <line number="21" hits="1" branch="false"/>
            <line number="24" hits="1" branch="false"/>
            <line number="28" hits="4" branch="false"/>
            <line number="32" hits="4" branch="true" condition-coverage="87.5% (7/8)"/>
            <line number="37" hits="30" branch="false"/>
            <line number="38" hits="30" branch="false"/>
            <line number="43" hits="4" branch="true" condition-coverage="100% (3/3)"/>
            <line number="44" hits="1" branch="false"/>
            <line number="47" hits="3" branch="false"/>
          </lines>
        </class>
      </classes>
    </package>
  </packages>
</coverage>
